{"/Users/randersondouglas/Sites/prova-node-24-07-20/configs/db.config.js": {"path":"/Users/randersondouglas/Sites/prova-node-24-07-20/configs/db.config.js","statementMap":{"0":{"start":{"line":1,"column":17},"end":{"line":1,"column":36}},"1":{"start":{"line":3,"column":21},"end":{"line":22,"column":1}},"2":{"start":{"line":4,"column":2},"end":{"line":20,"column":3}},"3":{"start":{"line":6,"column":23},"end":{"line":11,"column":8}},"4":{"start":{"line":13,"column":4},"end":{"line":13,"column":89}},"5":{"start":{"line":15,"column":4},"end":{"line":15,"column":15}},"6":{"start":{"line":17,"column":4},"end":{"line":17,"column":53}},"7":{"start":{"line":19,"column":4},"end":{"line":19,"column":16}},"8":{"start":{"line":24,"column":0},"end":{"line":24,"column":29}}},"fnMap":{"0":{"name":"(anonymous_0)","decl":{"start":{"line":3,"column":21},"end":{"line":3,"column":22}},"loc":{"start":{"line":3,"column":33},"end":{"line":22,"column":1}},"line":3}},"branchMap":{},"s":{"0":1,"1":1,"2":2,"3":2,"4":1,"5":1,"6":1,"7":1,"8":1},"f":{"0":2},"b":{},"_coverageSchema":"1a1c01bbd47fc00a2c39e90264f33305004495a9","hash":"2978811eeff7530ea78506d5c845fa1aa4b7d7f5"}
,"/Users/randersondouglas/Sites/prova-node-24-07-20/controllers/PersonController.js": {"path":"/Users/randersondouglas/Sites/prova-node-24-07-20/controllers/PersonController.js","statementMap":{"0":{"start":{"line":1,"column":20},"end":{"line":1,"column":47}},"1":{"start":{"line":3,"column":0},"end":{"line":154,"column":1}},"2":{"start":{"line":15,"column":23},"end":{"line":15,"column":57}},"3":{"start":{"line":17,"column":8},"end":{"line":29,"column":6}},"4":{"start":{"line":18,"column":9},"end":{"line":22,"column":11}},"5":{"start":{"line":24,"column":6},"end":{"line":28,"column":8}},"6":{"start":{"line":35,"column":23},"end":{"line":37,"column":6}},"7":{"start":{"line":38,"column":8},"end":{"line":42,"column":10}},"8":{"start":{"line":48,"column":2},"end":{"line":74,"column":3}},"9":{"start":{"line":50,"column":18},"end":{"line":52,"column":9}},"10":{"start":{"line":54,"column":3},"end":{"line":66,"column":4}},"11":{"start":{"line":55,"column":4},"end":{"line":59,"column":10}},"12":{"start":{"line":61,"column":7},"end":{"line":65,"column":13}},"13":{"start":{"line":69,"column":6},"end":{"line":73,"column":11}},"14":{"start":{"line":81,"column":5},"end":{"line":112,"column":3}},"15":{"start":{"line":82,"column":23},"end":{"line":84,"column":11}},"16":{"start":{"line":86,"column":8},"end":{"line":104,"column":7}},"17":{"start":{"line":88,"column":32},"end":{"line":92,"column":8}},"18":{"start":{"line":94,"column":10},"end":{"line":97,"column":12}},"19":{"start":{"line":99,"column":7},"end":{"line":103,"column":12}},"20":{"start":{"line":107,"column":6},"end":{"line":111,"column":11}},"21":{"start":{"line":118,"column":5},"end":{"line":148,"column":3}},"22":{"start":{"line":119,"column":20},"end":{"line":121,"column":11}},"23":{"start":{"line":123,"column":5},"end":{"line":141,"column":7}},"24":{"start":{"line":125,"column":32},"end":{"line":129,"column":10}},"25":{"start":{"line":130,"column":9},"end":{"line":134,"column":11}},"26":{"start":{"line":136,"column":7},"end":{"line":140,"column":12}},"27":{"start":{"line":143,"column":6},"end":{"line":147,"column":11}}},"fnMap":{"0":{"name":"(anonymous_0)","decl":{"start":{"line":4,"column":4},"end":{"line":4,"column":5}},"loc":{"start":{"line":4,"column":30},"end":{"line":30,"column":5}},"line":4},"1":{"name":"(anonymous_1)","decl":{"start":{"line":33,"column":1},"end":{"line":33,"column":2}},"loc":{"start":{"line":33,"column":27},"end":{"line":43,"column":5}},"line":33},"2":{"name":"(anonymous_2)","decl":{"start":{"line":46,"column":4},"end":{"line":46,"column":5}},"loc":{"start":{"line":46,"column":30},"end":{"line":76,"column":5}},"line":46},"3":{"name":"(anonymous_3)","decl":{"start":{"line":79,"column":4},"end":{"line":79,"column":5}},"loc":{"start":{"line":79,"column":33},"end":{"line":113,"column":5}},"line":79},"4":{"name":"(anonymous_4)","decl":{"start":{"line":116,"column":4},"end":{"line":116,"column":5}},"loc":{"start":{"line":116,"column":33},"end":{"line":150,"column":2}},"line":116}},"branchMap":{"0":{"loc":{"start":{"line":17,"column":8},"end":{"line":29,"column":6}},"type":"if","locations":[{"start":{"line":17,"column":8},"end":{"line":29,"column":6}},{"start":{"line":17,"column":8},"end":{"line":29,"column":6}}],"line":17},"1":{"loc":{"start":{"line":48,"column":2},"end":{"line":74,"column":3}},"type":"if","locations":[{"start":{"line":48,"column":2},"end":{"line":74,"column":3}},{"start":{"line":48,"column":2},"end":{"line":74,"column":3}}],"line":48},"2":{"loc":{"start":{"line":54,"column":3},"end":{"line":66,"column":4}},"type":"if","locations":[{"start":{"line":54,"column":3},"end":{"line":66,"column":4}},{"start":{"line":54,"column":3},"end":{"line":66,"column":4}}],"line":54},"3":{"loc":{"start":{"line":81,"column":5},"end":{"line":112,"column":3}},"type":"if","locations":[{"start":{"line":81,"column":5},"end":{"line":112,"column":3}},{"start":{"line":81,"column":5},"end":{"line":112,"column":3}}],"line":81},"4":{"loc":{"start":{"line":86,"column":8},"end":{"line":104,"column":7}},"type":"if","locations":[{"start":{"line":86,"column":8},"end":{"line":104,"column":7}},{"start":{"line":86,"column":8},"end":{"line":104,"column":7}}],"line":86},"5":{"loc":{"start":{"line":118,"column":5},"end":{"line":148,"column":3}},"type":"if","locations":[{"start":{"line":118,"column":5},"end":{"line":148,"column":3}},{"start":{"line":118,"column":5},"end":{"line":148,"column":3}}],"line":118},"6":{"loc":{"start":{"line":123,"column":5},"end":{"line":141,"column":7}},"type":"if","locations":[{"start":{"line":123,"column":5},"end":{"line":141,"column":7}},{"start":{"line":123,"column":5},"end":{"line":141,"column":7}}],"line":123}},"s":{"0":1,"1":1,"2":1,"3":1,"4":0,"5":1,"6":0,"7":0,"8":0,"9":0,"10":0,"11":0,"12":0,"13":0,"14":0,"15":0,"16":0,"17":0,"18":0,"19":0,"20":0,"21":0,"22":0,"23":0,"24":0,"25":0,"26":0,"27":0},"f":{"0":1,"1":0,"2":0,"3":0,"4":0},"b":{"0":[0,1],"1":[0,0],"2":[0,0],"3":[0,0],"4":[0,0],"5":[0,0],"6":[0,0]},"_coverageSchema":"1a1c01bbd47fc00a2c39e90264f33305004495a9","hash":"8306b8a2391edaba1ece1ca9af38d76f0e303fbb"}
,"/Users/randersondouglas/Sites/prova-node-24-07-20/models/Person.js": {"path":"/Users/randersondouglas/Sites/prova-node-24-07-20/models/Person.js","statementMap":{"0":{"start":{"line":2,"column":17},"end":{"line":2,"column":36}},"1":{"start":{"line":3,"column":15},"end":{"line":3,"column":32}},"2":{"start":{"line":4,"column":15},"end":{"line":4,"column":30}},"3":{"start":{"line":6,"column":21},"end":{"line":26,"column":2}},"4":{"start":{"line":29,"column":20},"end":{"line":29,"column":58}},"5":{"start":{"line":31,"column":0},"end":{"line":31,"column":29}}},"fnMap":{},"branchMap":{},"s":{"0":1,"1":1,"2":1,"3":1,"4":1,"5":1},"f":{},"b":{},"_coverageSchema":"1a1c01bbd47fc00a2c39e90264f33305004495a9","hash":"7a8f0984642baa92fea9e6b011763f417a235b06"}
}
