TN:
SF:configs/db.config.js
FN:3,(anonymous_0)
FNF:1
FNH:1
FNDA:2,(anonymous_0)
DA:1,1
DA:3,1
DA:4,2
DA:6,2
DA:13,1
DA:15,1
DA:17,1
DA:19,1
DA:24,1
LF:9
LH:9
BRF:0
BRH:0
end_of_record
TN:
SF:controllers/PersonController.js
FN:4,(anonymous_0)
FN:33,(anonymous_1)
FN:46,(anonymous_2)
FN:79,(anonymous_3)
FN:116,(anonymous_4)
FNF:5
FNH:1
FNDA:1,(anonymous_0)
FNDA:0,(anonymous_1)
FNDA:0,(anonymous_2)
FNDA:0,(anonymous_3)
FNDA:0,(anonymous_4)
DA:1,1
DA:3,1
DA:15,1
DA:17,1
DA:18,0
DA:24,1
DA:35,0
DA:38,0
DA:48,0
DA:50,0
DA:54,0
DA:55,0
DA:61,0
DA:69,0
DA:81,0
DA:82,0
DA:86,0
DA:88,0
DA:94,0
DA:99,0
DA:107,0
DA:118,0
DA:119,0
DA:123,0
DA:125,0
DA:130,0
DA:136,0
DA:143,0
LF:28
LH:5
BRDA:17,0,0,0
BRDA:17,0,1,1
BRDA:48,1,0,0
BRDA:48,1,1,0
BRDA:54,2,0,0
BRDA:54,2,1,0
BRDA:81,3,0,0
BRDA:81,3,1,0
BRDA:86,4,0,0
BRDA:86,4,1,0
BRDA:118,5,0,0
BRDA:118,5,1,0
BRDA:123,6,0,0
BRDA:123,6,1,0
BRF:14
BRH:1
end_of_record
TN:
SF:models/Person.js
FNF:0
FNH:0
DA:2,1
DA:3,1
DA:4,1
DA:6,1
DA:29,1
DA:31,1
LF:6
LH:6
BRF:0
BRH:0
end_of_record
